mag, -30, 150, -43
mag, -30, 150, -43
mag, -30, 150, -43
mag, -30, 150, -43
mag, -30, 149, -43
mag, -30, 150, -43
mag, -30, 150, -43
mag, -31, 149, -43
mag, -30, 150, -43
mag, -30, 150, -44
mag, -30, 150, -43
mag, -30, 149, -43
mag, -30, 150, -44
mag, -30, 150, -43
mag, -30, 151, -43
mag, -30, 150, -43
mag, -29, 149, -44
mag, -30, 150, -43
mag, -31, 150, -42
mag, -30, 150, -43
mag, -30, 149, -43
mag, -30, 150, -44
mag, -29, 149, -43
mag, -29, 150, -43
mag, -27, 151, -43
mag, -27, 151, -44
mag, -28, 151, -43
mag, -28, 151, -43
mag, -29, 151, -43
mag, -29, 151, -42
mag, -29, 151, -43
mag, -28, 150, -42
mag, -29, 151, -42
mag, -29, 151, -43
mag, -28, 151, -43
mag, -29, 151, -43
mag, -29, 151, -43
mag, -29, 151, -43
mag, -29, 151, -43
mag, -29, 151, -43
mag, -29, 150, -43
mag, -29, 150, -42
mag, -29, 151, -42
mag, -30, 151, -42
mag, -29, 151, -42
mag, -29, 151, -43
mag, -29, 151, -42
mag, -29, 151, -43
mag, -29, 151, -43
mag, -29, 151, -43
mag, -29, 151, -43
mag, -29, 151, -43
mag, -29, 151, -43
mag, -29, 151, -43
mag, -29, 151, -43
mag, -30, 151, -42
mag, -29, 151, -43
mag, -29, 151, -42
mag, -29, 150, -43
mag, -29, 151, -42
mag, -29, 151, -42
mag, -29, 150, -43
mag, -29, 151, -43
mag, -29, 151, -42
mag, -29, 150, -43
mag, -29, 151, -42
mag, -29, 150, -43
mag, -30, 151, -43
mag, -30, 151, -42
mag, -30, 151, -42
mag, -30, 151, -41
mag, -30, 151, -42
mag, -30, 150, -42
mag, -31, 152, -42
mag, -30, 150, -41
mag, -30, 151, -42
mag, -30, 150, -42
mag, -30, 151, -42
mag, -30, 151, -42
mag, -30, 151, -42
mag, -30, 151, -42
mag, -30, 151, -41
mag, -30, 151, -41
mag, -31, 150, -42
mag, -30, 150, -41
mag, -29, 151, -42
mag, -30, 151, -42
mag, -30, 151, -41
mag, -30, 151, -42
mag, -30, 151, -42
mag, -29, 151, -42
mag, -29, 152, -41
mag, -29, 151, -42
mag, -29, 151, -42
mag, -29, 152, -42
mag, -29, 151, -41
mag, -29, 152, -42
mag, -29, 152, -42
mag, -29, 151, -42
mag, -29, 152, -42
mag, -29, 152, -42
mag, -29, 151, -42
mag, -28, 152, -42
mag, -28, 152, -42
mag, -28, 152, -42
mag, -27, 152, -42
mag, -28, 152, -42
mag, -27, 152, -41
mag, -27, 152, -42
mag, -26, 152, -42
mag, -27, 152, -42
mag, -28, 152, -42
mag, -26, 152, -41
mag, -27, 153, -42
mag, -27, 152, -42
mag, -27, 152, -42
mag, -27, 153, -42
mag, -27, 152, -42
mag, -27, 152, -41
mag, -27, 153, -41
mag, -27, 153, -42
mag, -27, 152, -41
mag, -27, 152, -41
mag, -27, 152, -41
mag, -27, 153, -41
mag, -26, 153, -42
mag, -27, 153, -40
mag, -27, 153, -41
mag, -27, 153, -41
mag, -26, 153, -41
mag, -26, 153, -41
mag, -26, 152, -42
mag, -27, 153, -41
mag, -27, 153, -41
mag, -27, 152, -42
mag, -27, 153, -42
mag, -27, 153, -41
mag, -27, 153, -41
mag, -27, 153, -42
mag, -26, 153, -41
mag, -26, 153, -42
mag, -27, 153, -42
mag, -27, 153, -42
mag, -26, 153, -42
mag, -26, 153, -41
mag, -26, 154, -41
mag, -25, 155, -40
mag, -29, 155, -39
mag, -29, 155, -38
mag, -31, 154, -37
mag, -32, 154, -38
mag, -32, 153, -38
mag, -34, 152, -38
mag, -38, 150, -38
mag, -49, 143, -39
mag, -63, 133, -40
mag, -75, 123, -38
mag, -87, 112, -37
mag, -94, 109, -33
mag, -100, 103, -33
mag, -105, 97, -30
mag, -109, 90, -32
mag, -119, 75, -32
mag, -120, 66, -37
mag, -122, 61, -39
mag, -123, 56, -38
mag, -127, 40, -41
mag, -130, 25, -43
mag, -129, 22, -45
mag, -131, 15, -44
mag, -134, 9, -41
mag, -135, 5, -40
mag, -135, 5, -40
mag, -135, 4, -39
mag, -137, 1, -38
mag, -139, -5, -34
mag, -139, -14, -36
mag, -137, -22, -37
mag, -136, -30, -39
mag, -136, -35, -37
mag, -137, -40, -33
mag, -137, -50, -33
mag, -136, -56, -31
mag, -134, -66, -33
mag, -129, -76, -33
mag, -127, -83, -33
mag, -125, -85, -34
mag, -123, -89, -36
mag, -121, -97, -32
mag, -118, -104, -29
mag, -116, -109, -29
mag, -114, -112, -30
mag, -111, -115, -29
mag, -110, -119, -28
mag, -106, -123, -29
mag, -100, -126, -34
mag, -94, -130, -37
mag, -93, -132, -37
mag, -91, -134, -36
mag, -89, -136, -36
mag, -87, -139, -36
mag, -84, -140, -38
mag, -83, -142, -34
mag, -86, -144, -30
mag, -80, -148, -31
mag, -74, -151, -33
mag, -72, -153, -34
mag, -71, -155, -33
mag, -69, -158, -32
mag, -67, -159, -31
mag, -62, -163, -29
mag, -57, -167, -28
mag, -52, -171, -29
mag, -46, -173, -29
mag, -40, -177, -30
mag, -29, -179, -32
mag, -22, -180, -36
mag, -11, -183, -38
mag, 1, -183, -42
mag, 5, -185, -41
mag, 7, -184, -43
mag, 14, -186, -43
mag, 27, -188, -42
mag, 34, -188, -43
mag, 41, -188, -43
mag, 54, -183, -50
mag, 71, -184, -48
mag, 90, -182, -47
mag, 103, -179, -44
mag, 126, -173, -43
mag, 140, -166, -41
mag, 152, -161, -41
mag, 162, -153, -42
mag, 175, -143, -41
mag, 182, -137, -42
mag, 188, -131, -43
mag, 198, -119, -43
mag, 203, -113, -44
mag, 203, -111, -44
mag, 206, -109, -41
mag, 209, -103, -44
mag, 213, -99, -42
mag, 216, -88, -46
mag, 216, -80, -50
mag, 217, -69, -53
mag, 219, -61, -55
mag, 219, -64, -53
mag, 223, -57, -52
mag, 224, -48, -53
mag, 225, -42, -56
mag, 222, -27, -64
mag, 223, -12, -64
mag, 227, 10, -58
mag, 219, 27, -65
mag, 218, 49, -60
mag, 210, 73, -58
mag, 205, 81, -58
mag, 196, 95, -58
mag, 184, 113, -54
mag, 171, 126, -53
mag, 159, 138, -51
mag, 149, 143, -51
mag, 145, 148, -48
mag, 141, 150, -49
mag, 134, 153, -49
mag, 118, 159, -48
mag, 92, 165, -49
mag, 73, 167, -52
mag, 49, 164, -55
mag, 26, 163, -54
mag, 18, 162, -53
mag, 0, 161, -49
mag, -15, 156, -47
mag, -39, 148, -44
mag, -65, 136, -38
mag, -90, 121, -28
mag, -103, 103, -33
mag, -114, 89, -32
mag, -123, 68, -35
mag, -127, 59, -37
mag, -131, 48, -36
mag, -135, 33, -39
mag, -138, 20, -39
mag, -136, 9, -43
mag, -141, -10, -38
mag, -140, -13, -38
mag, -141, -27, -37
mag, -140, -43, -35
mag, -136, -54, -37
mag, -131, -66, -39
mag, -131, -75, -35
mag, -129, -76, -37
mag, -128, -78, -37
mag, -126, -92, -31
mag, -119, -104, -32
mag, -107, -112, -43
mag, -85, -137, -42
mag, -63, -160, -38
mag, -49, -171, -36
mag, -26, -182, -35
mag, -5, -185, -41
mag, 8, -187, -44
mag, 15, -193, -36
mag, 41, -190, -46
mag, 61, -184, -53
mag, 74, -181, -57
mag, 100, -177, -55
mag, 122, -173, -53
mag, 131, -168, -52
mag, 145, -162, -52
mag, 161, -152, -52
mag, 173, -142, -51
mag, 192, -124, -53
mag, 209, -100, -54
mag, 221, -80, -54
mag, 230, -55, -55
mag, 230, -31, -63
mag, 230, -21, -65
mag, 232, -18, -63
mag, 231, -4, -64
mag, 228, 7, -68
mag, 225, 16, -69
mag, 224, 25, -69
mag, 220, 32, -72
mag, 219, 42, -70
mag, 216, 50, -69
mag, 210, 63, -69
mag, 204, 72, -71
mag, 206, 71, -69
mag, 214, 57, -68
mag, 216, 47, -70
mag, 221, 36, -68
mag, 222, 30, -68
mag, 224, 18, -67
mag, 223, 4, -72
mag, 222, -13, -73
mag, 223, -24, -71
mag, 221, -34, -70
mag, 220, -46, -70
mag, 217, -57, -68
mag, 212, -73, -67
mag, 201, -95, -64
mag, 189, -115, -62
mag, 177, -128, -62
mag, 161, -140, -65
mag, 149, -151, -61
mag, 144, -156, -61
mag, 133, -165, -58
mag, 124, -169, -58
mag, 116, -173, -57
mag, 107, -175, -57
mag, 107, -170, -64
mag, 103, -174, -61
mag, 95, -177, -59
mag, 71, -185, -55
mag, 55, -187, -52
mag, 40, -188, -53
mag, 28, -188, -49
mag, 17, -190, -46
mag, 6, -189, -45
mag, 2, -189, -44
mag, -2, -188, -43
mag, -13, -187, -41
mag, -23, -183, -41
mag, -35, -173, -47
mag, -51, -161, -50
mag, -68, -151, -48
mag, -82, -139, -48
mag, -107, -113, -47
mag, -123, -86, -46
mag, -135, -62, -45
mag, -141, -38, -43
mag, -144, -3, -39
mag, -142, 19, -41
mag, -145, 19, -35
mag, -142, 21, -40
mag, -132, 37, -48
mag, -120, 89, -33
mag, -73, 136, -38
mag, -38, 153, -47
mag, -10, 160, -54
mag, 6, 162, -55
mag, 15, 166, -55
mag, 31, 166, -60
mag, 30, 168, -58
mag, 42, 168, -60
mag, 62, 165, -63
mag, 96, 161, -64
mag, 121, 153, -65
mag, 159, 134, -63
mag, 179, 118, -65
mag, 196, 94, -68
mag, 208, 79, -65
mag, 212, 64, -67
mag, 218, 49, -64
mag, 218, 42, -63
mag, 214, 39, -63
mag, 214, 39, -57
mag, 215, 36, -52
mag, 199, 36, -69
mag, 197, 44, -71
mag, 198, 35, -75
mag, 202, 29, -75
mag, 204, 20, -79
mag, 207, -20, -79
mag, 202, -55, -78
mag, 192, -84, -76
mag, 173, -114, -72
mag, 161, -137, -62
mag, 150, -148, -59
mag, 137, -158, -56
mag, 134, -162, -54
mag, 148, -153, -53
mag, 149, -153, -50
mag, 137, -162, -46
mag, 124, -170, -43
mag, 110, -172, -49
mag, 99, -175, -48
mag, 87, -181, -43
mag, 62, -182, -46
mag, 48, -181, -46
mag, 23, -179, -48
mag, 21, -182, -45
mag, 20, -186, -40
mag, -3, -184, -38
mag, -6, -183, -39
mag, 3, -181, -45
mag, 2, -183, -44
mag, 6, -184, -45
mag, 8, -185, -44
mag, 8, -185, -43
mag, 16, -186, -45
mag, 25, -186, -46
mag, -16, -183, -38
mag, -48, -163, -45
mag, -76, -141, -48
mag, -101, -113, -48
mag, -109, -104, -46
mag, -112, -96, -48
mag, -120, -97, -35
mag, -123, -94, -36
mag, -123, -92, -37
mag, -122, -91, -39
mag, -122, -92, -39
mag, -121, -95, -38
mag, -121, -96, -38
mag, -121, -95, -39
mag, -121, -95, -38
mag, -124, -89, -39
mag, -127, -82, -39
mag, -129, -74, -39
mag, -130, -71, -39
mag, -133, -64, -39
mag, -136, -55, -38
mag, -137, -43, -39
mag, -139, -34, -39
mag, -142, -24, -36
mag, -144, -1, -32
mag, -143, 22, -29
mag, -136, 56, -25
mag, -121, 84, -26
mag, -99, 112, -31
mag, -85, 123, -36
mag, -69, 135, -37
mag, -59, 144, -35
mag, -48, 152, -31
mag, -34, 158, -35
mag, -22, 159, -42
mag, -14, 161, -45
mag, -7, 161, -47
mag, 17, 163, -54
mag, 31, 163, -55
mag, 39, 169, -50
mag, 66, 177, -37
mag, 100, 173, -35
mag, 141, 153, -43
mag, 181, 118, -53
mag, 192, 94, -63
mag, 200, 81, -64
mag, 204, 74, -63
mag, 219, 76, -47
mag, 225, 72, -39
mag, 225, 49, -52
mag, 224, 40, -57
mag, 227, -24, -60
mag, 217, -74, -54
mag, 201, -103, -53
mag, 175, -133, -53
mag, 124, -167, -51
mag, 92, -177, -54
mag, 81, -184, -48
mag, 73, -177, -60
mag, 75, -178, -60
mag, 72, -178, -61
mag, 72, -178, -61
mag, 71, -178, -61
mag, 72, -179, -61
mag, 71, -178, -62
mag, 69, -179, -63
mag, 70, -178, -63
mag, 68, -178, -62
mag, 65, -179, -62
mag, 65, -179, -63
mag, 65, -178, -63
mag, 65, -179, -63
mag, 65, -179, -63
mag, 65, -179, -63
mag, 65, -179, -64
mag, 65, -178, -64
mag, 65, -178, -63
mag, 65, -179, -64
mag, 64, -179, -64
mag, 64, -178, -64
mag, 65, -179, -63
mag, 65, -178, -63
mag, 64, -179, -63
mag, 64, -179, -64
mag, 64, -179, -64
mag, 64, -179, -64
mag, 64, -179, -63
mag, 64, -179, -63
mag, 64, -179, -63
mag, 64, -178, -63
mag, 65, -178, -63
mag, 64, -179, -64
mag, 64, -178, -64
mag, 65, -179, -64
mag, 64, -178, -64
mag, 64, -178, -64
mag, 65, -178, -64
mag, 64, -178, -64
mag, 65, -179, -64
mag, 64, -179, -64
mag, 64, -179, -63
mag, 64, -179, -63
mag, 64, -178, -64
mag, 64, -178, -64
mag, 65, -179, -63
mag, 64, -179, -63
mag, 65, -179, -64
mag, 64, -179, -63
mag, 64, -179, -63
mag, 64, -179, -63
mag, 64, -179, -63
mag, 64, -179, -63
mag, 64, -179, -62
mag, 65, -179, -63
mag, 64, -180, -63
mag, 65, -179, -62
mag, 65, -180, -63
mag, 64, -179, -63
mag, 64, -179, -63
mag, 65, -179, -63
mag, 64, -178, -63
mag, 66, -179, -63
mag, 65, -179, -62
mag, 65, -179, -63
mag, 65, -179, -63
mag, 65, -179, -62
mag, 65, -179, -63
mag, 65, -179, -63
mag, 65, -179, -63
mag, 65, -179, -63
mag, 65, -179, -63
mag, 65, -179, -63
mag, 65, -179, -63
mag, 65, -179, -63
mag, 65, -179, -62
mag, 65, -179, -63
mag, 65, -179, -63
mag, 65, -179, -63
mag, 65, -179, -62
mag, 66, -180, -63
mag, 66, -181, -62
mag, 65, -181, -61
mag, 65, -181, -62
mag, 65, -181, -61
mag, 65, -181, -61
mag, 65, -181, -61
mag, 65, -181, -61
mag, 65, -181, -61
mag, 65, -180, -61
mag, 65, -181, -61
mag, 64, -181, -61
mag, 65, -181, -61
mag, 65, -180, -61
mag, 64, -181, -61
mag, 65, -181, -61
mag, 65, -181, -61
mag, 64, -180, -61
mag, 65, -181, -60
mag, 65, -181, -61
mag, 65, -181, -60
mag, 64, -181, -61
mag, 65, -181, -60
mag, 65, -181, -61
mag, 65, -181, -61
mag, 64, -181, -61
mag, 65, -180, -61
mag, 64, -180, -62
mag, 64, -180, -61
mag, 64, -180, -61
mag, 64, -181, -61
mag, 65, -180, -61
mag, 64, -181, -61
mag, 64, -181, -61
mag, 64, -181, -61
mag, 64, -181, -61
mag, 64, -180, -61
mag, 63, -181, -61
mag, 63, -181, -61
mag, 63, -180, -61
mag, 63, -180, -61
mag, 64, -180, -61
mag, 63, -180, -60
mag, 63, -180, -60
mag, 61, -180, -60
mag, 60, -179, -60
mag, 59, -179, -59
mag, 59, -177, -58
mag, 58, -176, -58
mag, 58, -174, -58
mag, 56, -175, -58
mag, 55, -177, -58
mag, 55, -178, -57
mag, 56, -178, -56
mag, 58, -178, -57
mag, 60, -178, -58
mag, 60, -179, -60
mag, 59, -180, -61
mag, 54, -181, -59
mag, 43, -184, -57
mag, 32, -192, -45
mag, 41, -177, -65
mag, 225, -12, -63
mag, 200, 11, -81
mag, 167, 1, -96
mag, 129, 47, -98
mag, 60, 97, -83
mag, -2, 122, -53
mag, -82, 106, -9
mag, -142, 26, 12
mag, -136, 46, -5
mag, -143, 10, -6
mag, -144, 2, -11
mag, -144, -7, -16
mag, -144, -15, -19
mag, -143, -26, -22
mag, -142, -36, -24
mag, -138, -48, -28
mag, -133, -58, -31
mag, -126, -69, -37
mag, -124, -72, -37
mag, -124, -72, -37
mag, -124, -72, -37
mag, -124, -72, -36
mag, -124, -72, -36
mag, -124, -72, -36
mag, -124, -71, -35
mag, -124, -72, -35
mag, -123, -71, -35
mag, -124, -72, -36
mag, -124, -72, -36
mag, -124, -71, -36
mag, -123, -71, -36
mag, -124, -72, -36
mag, -123, -72, -37
mag, -123, -71, -36
mag, -124, -71, -36
mag, -123, -71, -37
mag, -123, -71, -36
mag, -123, -71, -37
mag, -123, -71, -37
mag, -123, -71, -37
mag, -123, -72, -37
mag, -123, -71, -37
mag, -123, -71, -37
mag, -123, -72, -37
mag, -123, -71, -38
mag, -122, -70, -38
mag, -122, -71, -37
mag, -122, -71, -38
mag, -123, -71, -37
mag, -123, -71, -38
mag, -123, -71, -37
mag, -122, -71, -37
mag, -123, -71, -37
mag, -123, -71, -38
mag, -122, -71, -38
mag, -122, -71, -38
mag, -122, -71, -38
mag, -123, -71, -38
mag, -122, -71, -38
mag, -123, -71, -37
mag, -122, -71, -38
mag, -122, -71, -37
mag, -122, -71, -38
mag, -122, -71, -38
mag, -122, -71, -38
mag, -122, -72, -37
mag, -122, -71, -38
mag, -122, -71, -38
mag, -123, -71, -38
mag, -122, -71, -38
mag, -122, -71, -38
mag, -122, -71, -38
mag, -122, -71, -38
mag, -122, -72, -38
mag, -122, -71, -38
mag, -122, -71, -38
mag, -122, -70, -38
mag, -122, -71, -38
mag, -122, -72, -38
